<?xml version="1.0" encoding="UTF-8"?>
<!-- Generated by org.testng.reporters.JUnitReportReporter -->
<testsuite hostname="LAPTOP-CDFIFV2J" failures="0" tests="1" name="TestScenarios.TestMethods_InvalidLogin" time="2.945" errors="0" timestamp="2024-02-18T22:26:20 PST" skipped="0">
  <testcase classname="TestScenarios.TestMethods_InvalidLogin" name="validLogin" time="2.945"/>
  <system-out/>
</testsuite> <!-- TestScenarios.TestMethods_InvalidLogin -->
