<?xml version="1.0" encoding="UTF-8"?>
<!-- Generated by org.testng.reporters.JUnitReportReporter -->
<testsuite hostname="LAPTOP-CDFIFV2J" failures="0" tests="5" name="testscenarios.TestScripts" time="42.588" errors="0" timestamp="2024-02-20T21:41:25 PST" skipped="0">
  <testcase classname="testscenarios.TestScripts" name="forgotPassword" time="7.708"/>
  <system-out/>
  <testcase classname="testscenarios.TestScripts" name="forgotPassword2" time="6.780"/>
  <system-out/>
  <testcase classname="testscenarios.TestScripts" name="invalidLogin" time="7.062"/>
  <system-out/>
  <testcase classname="testscenarios.TestScripts" name="rememberMeCheckbox" time="12.131"/>
  <system-out/>
  <testcase classname="testscenarios.TestScripts" name="validLogin" time="8.907"/>
  <system-out/>
</testsuite> <!-- testscenarios.TestScripts -->
